app/build/intermediates/manifest_merge_blame_file/debug/processDebugMainManifest/manifest-merger-blame-debug-report.txt
1<?xml version="1.0" encoding="utf-8"?>
2<manifest xmlns:android="http://schemas.android.com/apk/res/android"
3    package="com.example.paparazzitest"
4    android:versionCode="1"
5    android:versionName="1.0" >
6
7    <uses-sdk
8        android:minSdkVersion="24"
9        android:targetSdkVersion="35" />
10
11    <permission
11-->[androidx.core:core:1.15.0] AndroidManifest.xml:22:5-24:47
12        android:name="com.example.paparazzitest.DYNAMIC_RECEIVER_NOT_EXPORTED_PERMISSION"
12-->[androidx.core:core:1.15.0] AndroidManifest.xml:23:9-81
13        android:protectionLevel="signature" />
13-->[androidx.core:core:1.15.0] AndroidManifest.xml:24:9-44
14
15    <uses-permission android:name="com.example.paparazzitest.DYNAMIC_RECEIVER_NOT_EXPORTED_PERMISSION" />
15-->[androidx.core:core:1.15.0] AndroidManifest.xml:26:5-97
15-->[androidx.core:core:1.15.0] AndroidManifest.xml:26:22-94
16
17    <application
18        android:appComponentFactory="androidx.core.app.CoreComponentFactory"
18-->[androidx.core:core:1.15.0] AndroidManifest.xml:28:18-86
19        android:debuggable="true"
20        android:extractNativeLibs="false" >
21        <provider
21-->[androidx.emoji2:emoji2:1.3.0] AndroidManifest.xml:24:9-32:20
22            android:name="androidx.startup.InitializationProvider"
22-->[androidx.emoji2:emoji2:1.3.0] AndroidManifest.xml:25:13-67
23            android:authorities="com.example.paparazzitest.androidx-startup"
23-->[androidx.emoji2:emoji2:1.3.0] AndroidManifest.xml:26:13-68
24            android:exported="false" >
24-->[androidx.emoji2:emoji2:1.3.0] AndroidManifest.xml:27:13-37
25            <meta-data
25-->[androidx.emoji2:emoji2:1.3.0] AndroidManifest.xml:29:13-31:52
26                android:name="androidx.emoji2.text.EmojiCompatInitializer"
26-->[androidx.emoji2:emoji2:1.3.0] AndroidManifest.xml:30:17-75
27                android:value="androidx.startup" />
27-->[androidx.emoji2:emoji2:1.3.0] AndroidManifest.xml:31:17-49
28            <meta-data
28-->[androidx.lifecycle:lifecycle-process:2.6.2] AndroidManifest.xml:29:13-31:52
29                android:name="androidx.lifecycle.ProcessLifecycleInitializer"
29-->[androidx.lifecycle:lifecycle-process:2.6.2] AndroidManifest.xml:30:17-78
30                android:value="androidx.startup" />
30-->[androidx.lifecycle:lifecycle-process:2.6.2] AndroidManifest.xml:31:17-49
31            <meta-data
31-->[androidx.profileinstaller:profileinstaller:1.3.1] AndroidManifest.xml:29:13-31:52
32                android:name="androidx.profileinstaller.ProfileInstallerInitializer"
32-->[androidx.profileinstaller:profileinstaller:1.3.1] AndroidManifest.xml:30:17-85
33                android:value="androidx.startup" />
33-->[androidx.profileinstaller:profileinstaller:1.3.1] AndroidManifest.xml:31:17-49
34        </provider>
35
36        <receiver
36-->[androidx.profileinstaller:profileinstaller:1.3.1] AndroidManifest.xml:34:9-52:20
37            android:name="androidx.profileinstaller.ProfileInstallReceiver"
37-->[androidx.profileinstaller:profileinstaller:1.3.1] AndroidManifest.xml:35:13-76
38            android:directBootAware="false"
38-->[androidx.profileinstaller:profileinstaller:1.3.1] AndroidManifest.xml:36:13-44
39            android:enabled="true"
39-->[androidx.profileinstaller:profileinstaller:1.3.1] AndroidManifest.xml:37:13-35
40            android:exported="true"
40-->[androidx.profileinstaller:profileinstaller:1.3.1] AndroidManifest.xml:38:13-36
41            android:permission="android.permission.DUMP" >
41-->[androidx.profileinstaller:profileinstaller:1.3.1] AndroidManifest.xml:39:13-57
42            <intent-filter>
42-->[androidx.profileinstaller:profileinstaller:1.3.1] AndroidManifest.xml:40:13-42:29
43                <action android:name="androidx.profileinstaller.action.INSTALL_PROFILE" />
43-->[androidx.profileinstaller:profileinstaller:1.3.1] AndroidManifest.xml:41:17-91
43-->[androidx.profileinstaller:profileinstaller:1.3.1] AndroidManifest.xml:41:25-88
44            </intent-filter>
45            <intent-filter>
45-->[androidx.profileinstaller:profileinstaller:1.3.1] AndroidManifest.xml:43:13-45:29
46                <action android:name="androidx.profileinstaller.action.SKIP_FILE" />
46-->[androidx.profileinstaller:profileinstaller:1.3.1] AndroidManifest.xml:44:17-85
46-->[androidx.profileinstaller:profileinstaller:1.3.1] AndroidManifest.xml:44:25-82
47            </intent-filter>
48            <intent-filter>
48-->[androidx.profileinstaller:profileinstaller:1.3.1] AndroidManifest.xml:46:13-48:29
49                <action android:name="androidx.profileinstaller.action.SAVE_PROFILE" />
49-->[androidx.profileinstaller:profileinstaller:1.3.1] AndroidManifest.xml:47:17-88
49-->[androidx.profileinstaller:profileinstaller:1.3.1] AndroidManifest.xml:47:25-85
50            </intent-filter>
51            <intent-filter>
51-->[androidx.profileinstaller:profileinstaller:1.3.1] AndroidManifest.xml:49:13-51:29
52                <action android:name="androidx.profileinstaller.action.BENCHMARK_OPERATION" />
52-->[androidx.profileinstaller:profileinstaller:1.3.1] AndroidManifest.xml:50:17-95
52-->[androidx.profileinstaller:profileinstaller:1.3.1] AndroidManifest.xml:50:25-92
53            </intent-filter>
54        </receiver>
55    </application>
56
57</manifest>